0 info it worked if it ends with ok
1 verbose cli [ '/usr/local/Cellar/node/7.4.0/bin/node',
1 verbose cli   '/usr/local/bin/npm',
1 verbose cli   'start' ]
2 info using npm@4.1.1
3 info using node@v7.4.0
4 verbose run-script [ 'prestart', 'start', 'poststart' ]
5 info lifecycle till-js@1.0.0~prestart: till-js@1.0.0
6 silly lifecycle till-js@1.0.0~prestart: no script for prestart, continuing
7 info lifecycle till-js@1.0.0~start: till-js@1.0.0
8 verbose lifecycle till-js@1.0.0~start: unsafe-perm in lifecycle true
9 verbose lifecycle till-js@1.0.0~start: PATH: /usr/local/lib/node_modules/npm/bin/node-gyp-bin:/Users/jonny/projects/till-js/node_modules/.bin:/Users/jonny/.rvm/gems/ruby-2.3.0/bin:/Users/jonny/.rvm/gems/ruby-2.3.0@global/bin:/Users/jonny/.rvm/rubies/ruby-2.3.0/bin:/usr/local/bin:/usr/local/bin:/usr/bin:/bin:/usr/sbin:/sbin:/Users/jonny/.rvm/bin:/Users/jonny/.rvm/bin
10 verbose lifecycle till-js@1.0.0~start: CWD: /Users/jonny/projects/till-js
11 silly lifecycle till-js@1.0.0~start: Args: [ '-c', 'node server.js' ]
12 silly lifecycle till-js@1.0.0~start: Returned: code: 1  signal: null
13 info lifecycle till-js@1.0.0~start: Failed to exec start script
14 verbose stack Error: till-js@1.0.0 start: `node server.js`
14 verbose stack Exit status 1
14 verbose stack     at EventEmitter.<anonymous> (/usr/local/lib/node_modules/npm/lib/utils/lifecycle.js:279:16)
14 verbose stack     at emitTwo (events.js:106:13)
14 verbose stack     at EventEmitter.emit (events.js:191:7)
14 verbose stack     at ChildProcess.<anonymous> (/usr/local/lib/node_modules/npm/lib/utils/spawn.js:40:14)
14 verbose stack     at emitTwo (events.js:106:13)
14 verbose stack     at ChildProcess.emit (events.js:191:7)
14 verbose stack     at maybeClose (internal/child_process.js:885:16)
14 verbose stack     at Process.ChildProcess._handle.onexit (internal/child_process.js:226:5)
15 verbose pkgid till-js@1.0.0
16 verbose cwd /Users/jonny/projects/till-js
17 error Darwin 16.1.0
18 error argv "/usr/local/Cellar/node/7.4.0/bin/node" "/usr/local/bin/npm" "start"
19 error node v7.4.0
20 error npm  v4.1.1
21 error code ELIFECYCLE
22 error till-js@1.0.0 start: `node server.js`
22 error Exit status 1
23 error Failed at the till-js@1.0.0 start script 'node server.js'.
23 error Make sure you have the latest version of node.js and npm installed.
23 error If you do, this is most likely a problem with the till-js package,
23 error not with npm itself.
23 error Tell the author that this fails on your system:
23 error     node server.js
23 error You can get information on how to open an issue for this project with:
23 error     npm bugs till-js
23 error Or if that isn't available, you can get their info via:
23 error     npm owner ls till-js
23 error There is likely additional logging output above.
24 verbose exit [ 1, true ]
